# JRE version: OpenJDK Runtime Environment (21.0.6) (build 21.0.6+-13391695-b895.109)
# Java VM: OpenJDK 64-Bit Server VM (21.0.6+-13391695-b895.109, mixed mode, tiered, compressed oops, compressed class ptrs, g1 gc, windows-amd64)
GC Precious Log:
 CardTable entry size: 512
 Card Set container configuration: InlinePtr #cards 5 size 8 Array Of Cards #cards 12 size 40 Howl #buckets 4 coarsen threshold 1843 Howl Bitmap #cards 512 size 80 coarsen threshold 460 Card regions per heap region 1 cards per card region 2048
 CPUs: 8 total, 8 available
 Memory: 7937M
 Large Page Support: Disabled
 NUMA Support: Disabled
 Compressed Oops: Enabled (32-bit)
 Heap Region Size: 1M
 Heap Min Capacity: 8M
 Heap Initial Capacity: 126M
 Heap Max Capacity: 2G
 Pre-touch: Disabled
 Parallel Workers: 8
 Concurrent Workers: 2
 Concurrent Refinement Workers: 8
 Periodic GC: Disabled
Heap:
 garbage-first heap   total 281600K, used 257965K [0x0000000080000000, 0x0000000100000000)
  region size 1024K, 123 young (125952K), 15 survivors (15360K)
 Metaspace       used 144825K, committed 145984K, reserved 1179648K
  class space    used 18887K, committed 19456K, reserved 1048576K
GC Heap History (20 events):
Event: 18.041 GC heap after
{Heap after GC invocations=44 (full 0):
 garbage-first heap   total 196608K, used 122880K [0x0000000080000000, 0x0000000100000000)
  region size 1024K, 7 young (7168K), 7 survivors (7168K)
 Metaspace       used 120671K, committed 122880K, reserved 1179648K
  class space    used 16242K, committed 17344K, reserved 1048576K
}
Event: 18.423 GC heap before
{Heap before GC invocations=45 (full 0):
 garbage-first heap   total 204800K, used 179200K [0x0000000080000000, 0x0000000100000000)
  region size 1024K, 62 young (63488K), 7 survivors (7168K)
 Metaspace       used 120898K, committed 123200K, reserved 1179648K
  class space    used 16272K, committed 17408K, reserved 1048576K
}
Event: 18.429 GC heap after
{Heap after GC invocations=46 (full 0):
 garbage-first heap   total 204800K, used 124794K [0x0000000080000000, 0x0000000100000000)
  region size 1024K, 5 young (5120K), 5 survivors (5120K)
 Metaspace       used 120898K, committed 123200K, reserved 1179648K
  class space    used 16272K, committed 17408K, reserved 1048576K
}
Event: 18.866 GC heap before
{Heap before GC invocations=46 (full 0):
 garbage-first heap   total 204800K, used 187258K [0x0000000080000000, 0x0000000100000000)
  region size 1024K, 67 young (68608K), 5 survivors (5120K)
 Metaspace       used 120990K, committed 123264K, reserved 1179648K
  class space    used 16278K, committed 17408K, reserved 1048576K
}
Event: 18.872 GC heap after
{Heap after GC invocations=47 (full 0):
 garbage-first heap   total 204800K, used 124437K [0x0000000080000000, 0x0000000100000000)
  region size 1024K, 6 young (6144K), 6 survivors (6144K)
 Metaspace       used 120990K, committed 123264K, reserved 1179648K
  class space    used 16278K, committed 17408K, reserved 1048576K
}
Event: 19.956 GC heap before
{Heap before GC invocations=47 (full 0):
 garbage-first heap   total 204800K, used 186900K [0x0000000080000000, 0x0000000100000000)
  region size 1024K, 68 young (69632K), 6 survivors (6144K)
 Metaspace       used 122662K, committed 124864K, reserved 1179648K
  class space    used 16482K, committed 17600K, reserved 1048576K
}
Event: 19.964 GC heap after
{Heap after GC invocations=48 (full 0):
 garbage-first heap   total 204800K, used 129298K [0x0000000080000000, 0x0000000100000000)
  region size 1024K, 9 young (9216K), 9 survivors (9216K)
 Metaspace       used 122662K, committed 124864K, reserved 1179648K
  class space    used 16482K, committed 17600K, reserved 1048576K
}
Event: 20.413 GC heap before
{Heap before GC invocations=49 (full 0):
 garbage-first heap   total 217088K, used 215314K [0x0000000080000000, 0x0000000100000000)
  region size 1024K, 23 young (23552K), 9 survivors (9216K)
 Metaspace       used 123954K, committed 126208K, reserved 1179648K
  class space    used 16663K, committed 17792K, reserved 1048576K
}
Event: 20.419 GC heap after
{Heap after GC invocations=50 (full 0):
 garbage-first heap   total 227328K, used 130385K [0x0000000080000000, 0x0000000100000000)
  region size 1024K, 2 young (2048K), 2 survivors (2048K)
 Metaspace       used 123954K, committed 126208K, reserved 1179648K
  class space    used 16663K, committed 17792K, reserved 1048576K
}
Event: 1336.915 GC heap before
{Heap before GC invocations=50 (full 0):
 garbage-first heap   total 227328K, used 210257K [0x0000000080000000, 0x0000000100000000)
  region size 1024K, 81 young (82944K), 2 survivors (2048K)
 Metaspace       used 130460K, committed 132736K, reserved 1179648K
  class space    used 17272K, committed 18432K, reserved 1048576K
}
Event: 1337.111 GC heap after
{Heap after GC invocations=51 (full 0):
 garbage-first heap   total 273408K, used 129907K [0x0000000080000000, 0x0000000100000000)
  region size 1024K, 2 young (2048K), 2 survivors (2048K)
 Metaspace       used 130460K, committed 132736K, reserved 1179648K
  class space    used 17272K, committed 18432K, reserved 1048576K
}
Event: 3975.872 GC heap before
{Heap before GC invocations=51 (full 0):
 garbage-first heap   total 273408K, used 254835K [0x0000000080000000, 0x0000000100000000)
  region size 1024K, 125 young (128000K), 2 survivors (2048K)
 Metaspace       used 131099K, committed 133376K, reserved 1179648K
  class space    used 17279K, committed 18432K, reserved 1048576K
}
Event: 3975.916 GC heap after
{Heap after GC invocations=52 (full 0):
 garbage-first heap   total 273408K, used 137308K [0x0000000080000000, 0x0000000100000000)
  region size 1024K, 9 young (9216K), 9 survivors (9216K)
 Metaspace       used 131099K, committed 133376K, reserved 1179648K
  class space    used 17279K, committed 18432K, reserved 1048576K
}
Event: 3976.762 GC heap before
{Heap before GC invocations=52 (full 0):
 garbage-first heap   total 273408K, used 155740K [0x0000000080000000, 0x0000000100000000)
  region size 1024K, 28 young (28672K), 9 survivors (9216K)
 Metaspace       used 131428K, committed 133632K, reserved 1179648K
  class space    used 17321K, committed 18432K, reserved 1048576K
}
Event: 3976.786 GC heap after
{Heap after GC invocations=53 (full 0):
 garbage-first heap   total 273408K, used 140016K [0x0000000080000000, 0x0000000100000000)
  region size 1024K, 10 young (10240K), 10 survivors (10240K)
 Metaspace       used 131428K, committed 133632K, reserved 1179648K
  class space    used 17321K, committed 18432K, reserved 1048576K
}
Event: 3980.920 GC heap before
{Heap before GC invocations=54 (full 0):
 garbage-first heap   total 273408K, used 264944K [0x0000000080000000, 0x0000000100000000)
  region size 1024K, 116 young (118784K), 10 survivors (10240K)
 Metaspace       used 133110K, committed 135296K, reserved 1179648K
  class space    used 17130K, committed 18560K, reserved 1048576K
}
Event: 3980.936 GC heap after
{Heap after GC invocations=55 (full 0):
 garbage-first heap   total 281600K, used 145372K [0x0000000080000000, 0x0000000100000000)
  region size 1024K, 8 young (8192K), 8 survivors (8192K)
 Metaspace       used 133110K, committed 135296K, reserved 1179648K
  class space    used 17130K, committed 18560K, reserved 1048576K
}
Event: 3981.829 GC heap before
{Heap before GC invocations=55 (full 0):
 garbage-first heap   total 281600K, used 256988K [0x0000000080000000, 0x0000000100000000)
  region size 1024K, 118 young (120832K), 8 survivors (8192K)
 Metaspace       used 135190K, committed 136960K, reserved 1179648K
  class space    used 17362K, committed 18560K, reserved 1048576K
}
Event: 3981.837 GC heap after
{Heap after GC invocations=56 (full 0):
 garbage-first heap   total 281600K, used 145325K [0x0000000080000000, 0x0000000100000000)
  region size 1024K, 10 young (10240K), 10 survivors (10240K)
 Metaspace       used 135190K, committed 136960K, reserved 1179648K
  class space    used 17362K, committed 18560K, reserved 1048576K
}
Event: 3990.969 GC heap before
{Heap before GC invocations=56 (full 0):
 garbage-first heap   total 281600K, used 256941K [0x0000000080000000, 0x0000000100000000)
  region size 1024K, 118 young (120832K), 10 survivors (10240K)
 Metaspace       used 144825K, committed 145984K, reserved 1179648K
  class space    used 18887K, committed 19456K, reserved 1048576K
}

